
> start
> node dist/index.js

Listening on http://localhost:8081
node:events:371
      throw er; // Unhandled 'error' event
      ^

Error: listen EADDRINUSE: address already in use :::8081
    at Server.setupListenHandle [as _listen2] (node:net:1315:16)
    at listenInCluster (node:net:1363:12)
    at Server.listen (node:net:1450:7)
    at Object.<anonymous> (/Users/max/Code/forest/server/dist/index.js:20330:8)
    at Module._compile (node:internal/modules/cjs/loader:1095:14)
    at Object.Module._extensions..js (node:internal/modules/cjs/loader:1124:10)
    at Module.load (node:internal/modules/cjs/loader:975:32)
    at Function.Module._load (node:internal/modules/cjs/loader:816:12)
    at Function.executeUserEntryPoint [as runMain] (node:internal/modules/run_main:79:12)
    at node:internal/main/run_main_module:17:47
Emitted 'error' event on Server instance at:
    at emitErrorNT (node:net:1342:8)
    at processTicksAndRejections (node:internal/process/task_queues:83:21) {
  code: 'EADDRINUSE',
  errno: -48,
  syscall: 'listen',
  address: '::',
  port: 8081
}
Listening on http://localhost:8081
Listening on http://localhost:8081
Listening on http://localhost:8081
Listening on http://localhost:8080
node:events:371
      throw er; // Unhandled 'error' event
      ^

Error: listen EADDRINUSE: address already in use :::8080
    at Server.setupListenHandle [as _listen2] (node:net:1315:16)
    at listenInCluster (node:net:1363:12)
    at Server.listen (node:net:1450:7)
    at Object.<anonymous> (/Users/max/Code/forest/server/dist/index.js:20330:8)
    at Module._compile (node:internal/modules/cjs/loader:1095:14)
    at Object.Module._extensions..js (node:internal/modules/cjs/loader:1124:10)
    at Module.load (node:internal/modules/cjs/loader:975:32)
    at Function.Module._load (node:internal/modules/cjs/loader:816:12)
    at Function.executeUserEntryPoint [as runMain] (node:internal/modules/run_main:79:12)
    at node:internal/main/run_main_module:17:47
Emitted 'error' event on Server instance at:
    at emitErrorNT (node:net:1342:8)
    at processTicksAndRejections (node:internal/process/task_queues:83:21) {
  code: 'EADDRINUSE',
  errno: -48,
  syscall: 'listen',
  address: '::',
  port: 8080
}
Listening on http://localhost:8080
Listening on http://localhost:8080
Listening on http://localhost:8080
Listening on http://localhost:8080
Listening on http://localhost:8080
Listening on http://localhost:8080
Listening on http://localhost:8080
Listening on http://localhost:8080
Listening on http://localhost:8080
Listening on http://localhost:8080
Listening on http://localhost:8080
Listening on http://localhost:8080
